2023-02-03T22:57:12+00:00 DEBUG tt4b_product_sync: missing access token for tt4b_product_sync
2023-02-03T22:59:32+00:00 DEBUG tt4b_product_sync: missing access token for tt4b_product_sync
2023-02-03T22:59:56+00:00 DEBUG tt4b_product_sync: missing access token for tt4b_product_sync
2023-02-03T23:01:56+00:00 DEBUG tt4b_product_sync: missing access token for tt4b_product_sync
2023-02-03T23:03:24+00:00 DEBUG tt4b_product_sync: missing access token for tt4b_product_sync
2023-02-03T23:03:27+00:00 DEBUG Tt4b_Pixel_Class::inject_view_content_event: hit injectViewContentEvent
2023-02-03T23:03:27+00:00 DEBUG Tt4b_Pixel_Class::inject_view_content_event: Missing option "access_token"
2023-02-03T23:03:47+00:00 DEBUG tt4b_product_sync: missing access token for tt4b_product_sync
2023-02-03T23:08:35+00:00 DEBUG Tt4b_Pixel_Class::inject_view_content_event: hit injectViewContentEvent
2023-02-03T23:08:35+00:00 DEBUG Tt4b_Pixel_Class::inject_view_content_event: Missing option "access_token"
2023-02-03T23:09:13+00:00 DEBUG Tt4b_Pixel_Class::inject_view_content_event: hit injectViewContentEvent
2023-02-03T23:09:13+00:00 DEBUG Tt4b_Pixel_Class::inject_view_content_event: Missing option "access_token"
2023-02-03T23:11:02+00:00 DEBUG tt4b_product_sync: missing access token for tt4b_product_sync
2023-02-03T23:11:12+00:00 DEBUG Tt4b_Pixel_Class::inject_view_content_event: hit injectViewContentEvent
2023-02-03T23:11:12+00:00 DEBUG Tt4b_Pixel_Class::inject_view_content_event: Missing option "access_token"
2023-02-03T23:13:15+00:00 DEBUG tt4b_product_sync: missing access token for tt4b_product_sync
2023-02-03T23:13:37+00:00 DEBUG Tt4b_Pixel_Class::inject_view_content_event: hit injectViewContentEvent
2023-02-03T23:13:37+00:00 DEBUG Tt4b_Pixel_Class::inject_view_content_event: Missing option "access_token"
2023-02-03T23:13:54+00:00 DEBUG Tt4b_Pixel_Class::inject_add_to_cart_event: hit injectAddToCartEvent
2023-02-03T23:13:54+00:00 DEBUG Tt4b_Pixel_Class::inject_add_to_cart_event: Missing option "access_token"
2023-02-03T23:13:54+00:00 DEBUG Tt4b_Pixel_Class::inject_view_content_event: hit injectViewContentEvent
2023-02-03T23:13:54+00:00 DEBUG Tt4b_Pixel_Class::inject_view_content_event: Missing option "access_token"
2023-02-03T23:14:08+00:00 DEBUG Tt4b_Pixel_Class::inject_start_checkout: hit injectStartCheckout
2023-02-03T23:14:08+00:00 DEBUG Tt4b_Pixel_Class::inject_start_checkout: Missing option "access_token"
2023-02-03T23:15:04+00:00 DEBUG Tt4b_Pixel_Class::inject_view_content_event: hit injectViewContentEvent
2023-02-03T23:15:04+00:00 DEBUG Tt4b_Pixel_Class::inject_view_content_event: Missing option "access_token"
2023-02-03T23:17:03+00:00 DEBUG Tt4b_Pixel_Class::inject_view_content_event: hit injectViewContentEvent
2023-02-03T23:17:03+00:00 DEBUG Tt4b_Pixel_Class::inject_view_content_event: Missing option "access_token"
2023-02-03T23:23:09+00:00 DEBUG tt4b_product_sync: missing access token for tt4b_product_sync
